<?xml version="1.0" encoding="UTF-8"?>
<!-- Generated by org.testng.reporters.JUnitXMLReporter -->
<testsuite hostname="dluharo277191" ignored="0" name="Verify Transfer Funds" tests="1" failures="1" timestamp="19 Mar 2018 08:26:44 GMT" time="14.804" errors="0">
  <testcase name="feature" time="6.758" classname="com.sapient.taf.framework.coreclasses.BaseClassCucumber">
    <failure type="cucumber.runtime.CucumberException" message="java.lang.AssertionError">
      <![CDATA[cucumber.runtime.CucumberException: java.lang.AssertionError
	at cucumber.api.testng.TestNGCucumberRunner.runCucumber(TestNGCucumberRunner.java:69)
	at com.sapient.taf.framework.coreclasses.BaseClassCucumber.feature(BaseClassCucumber.java:114)
Caused by: java.lang.AssertionError
	at org.junit.Assert.fail(Assert.java:86)
	at org.junit.Assert.assertTrue(Assert.java:41)
	at org.junit.Assert.assertTrue(Assert.java:52)
	at com.app.web.pages.cucumber.TransferFundsActions.verifySignOffLabel(TransferFundsActions.java:30)
	at com.restassured.stepdefs.TransferFundsSteps.user_is_on_the_Page(TransferFundsSteps.java:67)
	at âœ½.Then User is on SignOff Page(src/test/java/com/restassured/features/transferFunds.feature:24)
... Removed 25 stack frames]]>
    </failure>
  </testcase> <!-- feature -->
</testsuite> <!-- Verify Transfer Funds -->
